6230:C 06 Mar 11:19:01.616 # oO0OoO0OoO0Oo Redis is starting oO0OoO0OoO0Oo
6230:C 06 Mar 11:19:01.617 # Redis version=4.0.6, bits=64, commit=00000000, modified=0, pid=6230, just started
6230:C 06 Mar 11:19:01.617 # Configuration loaded
6230:M 06 Mar 11:19:01.618 * Increased maximum number of open files to 10032 (it was originally set to 1024).
                _._                                                  
           _.-``__ ''-._                                             
      _.-``    `.  `_.  ''-._           Redis 4.0.6 (00000000/0) 64 bit
  .-`` .-```.  ```\/    _.,_ ''-._                                   
 (    '      ,       .-`  | `,    )     Running in standalone mode
 |`-._`-...-` __...-.``-._|'` _.-'|     Port: 6379
 |    `-._   `._    /     _.-'    |     PID: 6230
  `-._    `-._  `-./  _.-'    _.-'                                   
 |`-._`-._    `-.__.-'    _.-'_.-'|                                  
 |    `-._`-._        _.-'_.-'    |           http://redis.io        
  `-._    `-._`-.__.-'_.-'    _.-'                                   
 |`-._`-._    `-.__.-'    _.-'_.-'|                                  
 |    `-._`-._        _.-'_.-'    |                                  
  `-._    `-._`-.__.-'_.-'    _.-'                                   
      `-._    `-.__.-'    _.-'                                       
          `-._        _.-'                                           
              `-.__.-'                                               

6230:M 06 Mar 11:19:01.621 # WARNING: The TCP backlog setting of 511 cannot be enforced because /proc/sys/net/core/somaxconn is set to the lower value of 128.
6230:M 06 Mar 11:19:01.621 # Server initialized
6230:M 06 Mar 11:19:01.622 # WARNING overcommit_memory is set to 0! Background save may fail under low memory condition. To fix this issue add 'vm.overcommit_memory = 1' to /etc/sysctl.conf and then reboot or run the command 'sysctl vm.overcommit_memory=1' for this to take effect.
6230:M 06 Mar 11:19:01.622 # WARNING you have Transparent Huge Pages (THP) support enabled in your kernel. This will create latency and memory usage issues with Redis. To fix this issue run the command 'echo never > /sys/kernel/mm/transparent_hugepage/enabled' as root, and add it to your /etc/rc.local in order to retain the setting after a reboot. Redis must be restarted after THP is disabled.
6230:M 06 Mar 11:19:01.623 * DB loaded from disk: 0.000 seconds
6230:M 06 Mar 11:19:01.623 * Ready to accept connections
6230:signal-handler (1520306349) Received SIGINT scheduling shutdown...
6230:M 06 Mar 11:19:09.900 # User requested shutdown...
6230:M 06 Mar 11:19:09.900 * Saving the final RDB snapshot before exiting.
6230:M 06 Mar 11:19:09.903 * DB saved on disk
6230:M 06 Mar 11:19:09.903 * Removing the pid file.
6230:M 06 Mar 11:19:09.903 # Redis is now ready to exit, bye bye...
6266:C 06 Mar 11:19:28.204 # oO0OoO0OoO0Oo Redis is starting oO0OoO0OoO0Oo
6266:C 06 Mar 11:19:28.204 # Redis version=4.0.6, bits=64, commit=00000000, modified=0, pid=6266, just started
6266:C 06 Mar 11:19:28.204 # Configuration loaded
6267:M 06 Mar 11:19:28.208 * Increased maximum number of open files to 10032 (it was originally set to 1024).
                _._                                                  
           _.-``__ ''-._                                             
      _.-``    `.  `_.  ''-._           Redis 4.0.6 (00000000/0) 64 bit
  .-`` .-```.  ```\/    _.,_ ''-._                                   
 (    '      ,       .-`  | `,    )     Running in standalone mode
 |`-._`-...-` __...-.``-._|'` _.-'|     Port: 6379
 |    `-._   `._    /     _.-'    |     PID: 6267
  `-._    `-._  `-./  _.-'    _.-'                                   
 |`-._`-._    `-.__.-'    _.-'_.-'|                                  
 |    `-._`-._        _.-'_.-'    |           http://redis.io        
  `-._    `-._`-.__.-'_.-'    _.-'                                   
 |`-._`-._    `-.__.-'    _.-'_.-'|                                  
 |    `-._`-._        _.-'_.-'    |                                  
  `-._    `-._`-.__.-'_.-'    _.-'                                   
      `-._    `-.__.-'    _.-'                                       
          `-._        _.-'                                           
              `-.__.-'                                               

6267:M 06 Mar 11:19:28.211 # WARNING: The TCP backlog setting of 511 cannot be enforced because /proc/sys/net/core/somaxconn is set to the lower value of 128.
6267:M 06 Mar 11:19:28.211 # Server initialized
6267:M 06 Mar 11:19:28.211 # WARNING overcommit_memory is set to 0! Background save may fail under low memory condition. To fix this issue add 'vm.overcommit_memory = 1' to /etc/sysctl.conf and then reboot or run the command 'sysctl vm.overcommit_memory=1' for this to take effect.
6267:M 06 Mar 11:19:28.212 # WARNING you have Transparent Huge Pages (THP) support enabled in your kernel. This will create latency and memory usage issues with Redis. To fix this issue run the command 'echo never > /sys/kernel/mm/transparent_hugepage/enabled' as root, and add it to your /etc/rc.local in order to retain the setting after a reboot. Redis must be restarted after THP is disabled.
6267:M 06 Mar 11:19:28.212 * DB loaded from disk: 0.000 seconds
6267:M 06 Mar 11:19:28.213 * Ready to accept connections
6267:M 06 Mar 13:33:44.730 * 1 changes in 900 seconds. Saving...
6267:M 06 Mar 13:33:44.731 * Background saving started by pid 9795
9795:C 06 Mar 13:33:44.738 * DB saved on disk
9795:C 06 Mar 13:33:44.740 * RDB: 0 MB of memory used by copy-on-write
6267:M 06 Mar 13:33:44.832 * Background saving terminated with success
6267:M 06 Mar 14:38:12.848 * 1 changes in 900 seconds. Saving...
6267:M 06 Mar 14:38:12.849 * Background saving started by pid 10465
10465:C 06 Mar 14:38:12.853 * DB saved on disk
10465:C 06 Mar 14:38:12.854 * RDB: 0 MB of memory used by copy-on-write
6267:M 06 Mar 14:38:12.950 * Background saving terminated with success
6267:M 06 Mar 18:29:54.501 * 1 changes in 900 seconds. Saving...
6267:M 06 Mar 18:29:54.502 * Background saving started by pid 15282
15282:C 06 Mar 18:29:54.510 * DB saved on disk
15282:C 06 Mar 18:29:54.515 * RDB: 0 MB of memory used by copy-on-write
6267:M 06 Mar 18:29:54.604 * Background saving terminated with success
6267:M 06 Mar 19:35:47.927 * 1 changes in 900 seconds. Saving...
6267:M 06 Mar 19:35:47.928 * Background saving started by pid 20974
20974:C 06 Mar 19:35:47.988 * DB saved on disk
20974:C 06 Mar 19:35:47.998 * RDB: 0 MB of memory used by copy-on-write
6267:M 06 Mar 19:35:48.029 * Background saving terminated with success
